<?xml version="1.0" encoding="UTF-8"?>
<!-- Generated by org.testng.reporters.JUnitReportReporter -->
<testsuite hostname="DESKTOP-VM15TK3" failures="0" tests="1" name="TestCases.HomePage_TestCase" time="27.431" errors="0" timestamp="2024-12-10T00:32:42 GMT-05:00" skipped="0">
  <testcase classname="TestCases.HomePage_TestCase" name="verifyLogoIsDisplayedAndClickable" time="27.431"/>
</testsuite> <!-- TestCases.HomePage_TestCase -->
