<?xml version="1.0" encoding="UTF-8"?>
<!-- Generated by org.testng.reporters.JUnitReportReporter -->
<testsuite hostname="DESKTOP-VM15TK3" failures="0" tests="1" name="BasePackage.MainClass" time="18.674" errors="0" timestamp="2024-12-01T00:11:32 GMT-05:00" skipped="0">
  <testcase classname="BasePackage.MainClass" name="Initialize" time="18.674"/>
</testsuite> <!-- BasePackage.MainClass -->
